<?xml version="1.0" encoding="UTF-8"?>
<!-- Generated by org.testng.reporters.JUnitReportReporter -->
<testsuite skipped="0" hostname="LAPTOP-MQODM87S" name="com.Mini_project_Test_Case.Add_customer" tests="1" failures="0" timestamp="2020-04-27T11:12:04 IST" time="6.528" errors="0">
  <testcase name="details" time="6.528" classname="com.Mini_project_Test_Case.Add_customer"/>
  <system-out/>
</testsuite> <!-- com.Mini_project_Test_Case.Add_customer -->
