<?xml version="1.0" encoding="UTF-8"?>
<!-- Generated by org.testng.reporters.JUnitReportReporter -->
<testsuite skipped="0" hostname="LAPTOP-MQODM87S" name="com.Mini_project_Test_Case.Add_customer" tests="1" failures="0" timestamp="2020-04-28T17:37:33 IST" time="5.418" errors="0">
  <testcase name="details" time="5.418" classname="com.Mini_project_Test_Case.Add_customer"/>
  <system-out/>
</testsuite> <!-- com.Mini_project_Test_Case.Add_customer -->
