<?xml version="1.0" encoding="UTF-8"?>
<!-- Generated by org.testng.reporters.JUnitReportReporter -->
<testsuite skipped="0" hostname="LAPTOP-MQODM87S" name="com.Mini_project_Test_Case.Edit_customer_test" tests="1" failures="0" timestamp="2020-05-07T12:27:25 IST" time="12.315" errors="0">
  <testcase name="edit" time="12.315" classname="com.Mini_project_Test_Case.Edit_customer_test"/>
  <system-out/>
</testsuite> <!-- com.Mini_project_Test_Case.Edit_customer_test -->
