<?xml version="1.0" encoding="UTF-8"?>
<!-- Generated by org.testng.reporters.JUnitReportReporter -->
<testsuite skipped="0" hostname="LAPTOP-MQODM87S" name="com.Mini_project_Test_Case.Edit_customer_test" tests="1" failures="0" timestamp="2020-04-28T22:30:23 IST" time="32.392" errors="0">
  <testcase name="edit" time="32.392" classname="com.Mini_project_Test_Case.Edit_customer_test"/>
  <system-out/>
</testsuite> <!-- com.Mini_project_Test_Case.Edit_customer_test -->
