<?xml version="1.0" encoding="UTF-8"?>
<!-- Generated by org.testng.reporters.JUnitReportReporter -->
<testsuite skipped="0" hostname="LAPTOP-MQODM87S" name="com.Mini_project_Test_Case.TC_LoginTest_01" tests="1" failures="0" timestamp="2020-04-26T18:43:20 IST" time="8.138" errors="0">
  <testcase name="login_Test" time="8.138" classname="com.Mini_project_Test_Case.TC_LoginTest_01"/>
  <system-out/>
</testsuite> <!-- com.Mini_project_Test_Case.TC_LoginTest_01 -->
